<?xml version="1.0" encoding="UTF-8"?>
<!-- Generated by org.testng.reporters.JUnitReportReporter -->
<testsuite hostname="DESKTOP-4TSR5HP" name="learningTestNG.Annotations" tests="3" failures="0" timestamp="23 Jul 2016 01:06:07 GMT" time="0.009" errors="0">
  <testcase name="checkflights" time="0.004" classname="learningTestNG.Annotations"/>
  <testcase name="Gotoexpedia" time="0.004" classname="learningTestNG.Annotations"/>
  <testcase name="flightbooking" time="0.001" classname="learningTestNG.Annotations"/>
</testsuite> <!-- learningTestNG.Annotations -->
