<?xml version="1.0" encoding="UTF-8"?>
<!-- Generated by org.testng.reporters.JUnitReportReporter -->
<testsuite hostname="DESKTOP-4TSR5HP" name="learningTestNG.Annot" tests="4" failures="0" timestamp="23 Jul 2016 01:06:07 GMT" time="0.027" errors="0">
  <testcase name="test3" time="0.003" classname="learningTestNG.Annot"/>
  <testcase name="test2" time="0.006" classname="learningTestNG.Annot"/>
  <testcase name="test4" time="0.006" classname="learningTestNG.Annot"/>
  <testcase name="test1" time="0.012" classname="learningTestNG.Annot"/>
</testsuite> <!-- learningTestNG.Annot -->
