<?xml version="1.0" encoding="UTF-8"?>
<!-- Generated by org.testng.reporters.JUnitReportReporter -->
<testsuite hostname="DESKTOP-4TSR5HP" name="learningTestNG.TestNgAnnotations" tests="1" failures="0" timestamp="21 Jul 2016 05:38:23 GMT" time="0.027" errors="0">
  <testcase name="OpenBrowser" time="0.027" classname="learningTestNG.TestNgAnnotations"/>
</testsuite> <!-- learningTestNG.TestNgAnnotations -->
