<?xml version="1.0" encoding="UTF-8"?>
<!-- Generated by org.testng.reporters.JUnitReportReporter -->
<testsuite hostname="DESKTOP-4TSR5HP" name="learningTestNG.SuiteAnnot" tests="1" failures="0" timestamp="22 Jul 2016 18:28:07 GMT" time="0.013" errors="0">
  <testcase name="test" time="0.013" classname="learningTestNG.SuiteAnnot"/>
</testsuite> <!-- learningTestNG.SuiteAnnot -->
