<?xml version="1.0" encoding="UTF-8"?>
<!-- Generated by org.testng.reporters.JUnitReportReporter -->
<testsuite hostname="DESKTOP-4TSR5HP" name="learningTestNG.Dependencyannotations" tests="3" failures="0" timestamp="23 Jul 2016 01:06:07 GMT" time="0.021" errors="0">
  <testcase name="test1" time="0.003" classname="learningTestNG.Dependencyannotations"/>
  <testcase name="test2" time="0.004" classname="learningTestNG.Dependencyannotations"/>
  <testcase name="time" time="0.014" classname="learningTestNG.Dependencyannotations"/>
</testsuite> <!-- learningTestNG.Dependencyannotations -->
